[0.167s] DEBUG:colcon:Command line arguments: ['/usr/bin/colcon', 'build', '--packages-select', 'xcontroller']
[0.167s] DEBUG:colcon:Parsed command line arguments: Namespace(allow_overriding=[], ament_cmake_args=None, base_paths=['.'], build_base='build', catkin_cmake_args=None, catkin_skip_building_tests=False, cmake_args=None, cmake_clean_cache=False, cmake_clean_first=False, cmake_force_configure=False, cmake_target=None, cmake_target_skip_unavailable=False, continue_on_error=False, event_handlers=None, executor='parallel', ignore_user_meta=False, install_base='install', log_base=None, log_level=None, main=<bound method BuildVerb.main of <colcon_core.verb.build.BuildVerb object at 0x7f26361b5400>>, merge_install=False, metas=['./colcon.meta'], packages_above=None, packages_above_and_dependencies=None, packages_above_depth=None, packages_end=None, packages_ignore=None, packages_ignore_regex=None, packages_select=['xcontroller'], packages_select_build_failed=False, packages_select_by_dep=None, packages_select_regex=None, packages_select_test_failures=False, packages_skip=None, packages_skip_build_finished=False, packages_skip_by_dep=None, packages_skip_regex=None, packages_skip_test_passed=False, packages_skip_up_to=None, packages_start=None, packages_up_to=None, packages_up_to_regex=None, parallel_workers=16, paths=None, symlink_install=False, test_result_base=None, verb_extension=<colcon_core.verb.build.BuildVerb object at 0x7f26361b5400>, verb_name='build', verb_parser=<colcon_defaults.argument_parser.defaults.DefaultArgumentsDecorator object at 0x7f26361b5940>)
[0.200s] Level 1:colcon.colcon_core.package_discovery:discover_packages(colcon_meta) check parameters
[0.200s] Level 1:colcon.colcon_core.package_discovery:discover_packages(recursive) check parameters
[0.200s] Level 1:colcon.colcon_core.package_discovery:discover_packages(ignore) check parameters
[0.200s] Level 1:colcon.colcon_core.package_discovery:discover_packages(path) check parameters
[0.200s] Level 1:colcon.colcon_core.package_discovery:discover_packages(colcon_meta) discover
[0.201s] Level 1:colcon.colcon_core.package_discovery:discover_packages(recursive) discover
[0.201s] INFO:colcon.colcon_core.package_discovery:Crawling recursively for packages in '/home/cl4y3r/xcontroller'
[0.201s] Level 1:colcon.colcon_core.package_identification:_identify(.) by extensions ['ignore', 'ignore_ament_install']
[0.201s] Level 1:colcon.colcon_core.package_identification:_identify(.) by extension 'ignore'
[0.201s] Level 1:colcon.colcon_core.package_identification:_identify(.) by extension 'ignore_ament_install'
[0.201s] Level 1:colcon.colcon_core.package_identification:_identify(.) by extensions ['colcon_pkg']
[0.201s] Level 1:colcon.colcon_core.package_identification:_identify(.) by extension 'colcon_pkg'
[0.201s] Level 1:colcon.colcon_core.package_identification:_identify(.) by extensions ['colcon_meta']
[0.201s] Level 1:colcon.colcon_core.package_identification:_identify(.) by extension 'colcon_meta'
[0.201s] Level 1:colcon.colcon_core.package_identification:_identify(.) by extensions ['ros']
[0.201s] Level 1:colcon.colcon_core.package_identification:_identify(.) by extension 'ros'
[0.213s] DEBUG:colcon.colcon_core.package_identification:Package '.' with type 'ros.ament_cmake' and name 'xcontroller'
[0.213s] Level 1:colcon.colcon_core.package_discovery:discover_packages(recursive) using defaults
[0.213s] Level 1:colcon.colcon_core.package_discovery:discover_packages(ignore) discover
[0.213s] Level 1:colcon.colcon_core.package_discovery:discover_packages(ignore) using defaults
[0.213s] Level 1:colcon.colcon_core.package_discovery:discover_packages(path) discover
[0.213s] Level 1:colcon.colcon_core.package_discovery:discover_packages(path) using defaults
[0.248s] Level 1:colcon.colcon_core.package_discovery:discover_packages(prefix_path) check parameters
[0.248s] Level 1:colcon.colcon_core.package_discovery:discover_packages(prefix_path) discover
[0.251s] DEBUG:colcon.colcon_installed_package_information.package_discovery:Found 1 installed packages in /home/cl4y3r/xcontroller/lgsvl_msgs/install
[0.252s] DEBUG:colcon.colcon_installed_package_information.package_discovery:Found 258 installed packages in /opt/ros/foxy
[0.253s] Level 1:colcon.colcon_core.package_discovery:discover_packages(prefix_path) using defaults
[0.302s] Level 5:colcon.colcon_core.verb:set package 'xcontroller' build argument 'cmake_args' from command line to 'None'
[0.302s] Level 5:colcon.colcon_core.verb:set package 'xcontroller' build argument 'cmake_target' from command line to 'None'
[0.302s] Level 5:colcon.colcon_core.verb:set package 'xcontroller' build argument 'cmake_target_skip_unavailable' from command line to 'False'
[0.302s] Level 5:colcon.colcon_core.verb:set package 'xcontroller' build argument 'cmake_clean_cache' from command line to 'False'
[0.302s] Level 5:colcon.colcon_core.verb:set package 'xcontroller' build argument 'cmake_clean_first' from command line to 'False'
[0.302s] Level 5:colcon.colcon_core.verb:set package 'xcontroller' build argument 'cmake_force_configure' from command line to 'False'
[0.302s] Level 5:colcon.colcon_core.verb:set package 'xcontroller' build argument 'ament_cmake_args' from command line to 'None'
[0.302s] Level 5:colcon.colcon_core.verb:set package 'xcontroller' build argument 'catkin_cmake_args' from command line to 'None'
[0.302s] Level 5:colcon.colcon_core.verb:set package 'xcontroller' build argument 'catkin_skip_building_tests' from command line to 'False'
[0.303s] DEBUG:colcon.colcon_core.verb:Building package 'xcontroller' with the following arguments: {'ament_cmake_args': None, 'build_base': '/home/cl4y3r/xcontroller/build/xcontroller', 'catkin_cmake_args': None, 'catkin_skip_building_tests': False, 'cmake_args': None, 'cmake_clean_cache': False, 'cmake_clean_first': False, 'cmake_force_configure': False, 'cmake_target': None, 'cmake_target_skip_unavailable': False, 'install_base': '/home/cl4y3r/xcontroller/install/xcontroller', 'merge_install': False, 'path': '/home/cl4y3r/xcontroller', 'symlink_install': False, 'test_result_base': None}
[0.303s] INFO:colcon.colcon_core.executor:Executing jobs using 'parallel' executor
[0.308s] DEBUG:colcon.colcon_parallel_executor.executor.parallel:run_until_complete
[0.308s] INFO:colcon.colcon_ros.task.ament_cmake.build:Building ROS package in '/home/cl4y3r/xcontroller' with build type 'ament_cmake'
[0.309s] INFO:colcon.colcon_cmake.task.cmake.build:Building CMake package in '/home/cl4y3r/xcontroller'
[0.315s] INFO:colcon.colcon_core.plugin_system:Skipping extension 'colcon_core.shell.bat': Not used on non-Windows systems
[0.315s] INFO:colcon.colcon_core.shell:Skip shell extension 'powershell' for command environment: Not usable outside of PowerShell
[0.315s] DEBUG:colcon.colcon_core.shell:Skip shell extension 'dsv' for command environment
[0.323s] DEBUG:colcon.colcon_core.event_handler.log_command:Invoking command in '/home/cl4y3r/xcontroller/build/xcontroller': CMAKE_PREFIX_PATH=${CMAKE_PREFIX_PATH}:/opt/ros/foxy /usr/bin/cmake /home/cl4y3r/xcontroller -DCMAKE_INSTALL_PREFIX=/home/cl4y3r/xcontroller/install/xcontroller
[1.330s] DEBUG:colcon.colcon_core.event_handler.log_command:Invoked command in '/home/cl4y3r/xcontroller/build/xcontroller' returned '1': CMAKE_PREFIX_PATH=${CMAKE_PREFIX_PATH}:/opt/ros/foxy /usr/bin/cmake /home/cl4y3r/xcontroller -DCMAKE_INSTALL_PREFIX=/home/cl4y3r/xcontroller/install/xcontroller
[1.339s] Level 1:colcon.colcon_core.environment:create_environment_scripts_only(xcontroller)
[1.347s] Level 1:colcon.colcon_core.environment:checking '/home/cl4y3r/xcontroller/install/xcontroller' for CMake module files
[1.347s] Level 1:colcon.colcon_core.environment:checking '/home/cl4y3r/xcontroller/install/xcontroller' for CMake config files
[1.347s] Level 1:colcon.colcon_core.environment:checking '/home/cl4y3r/xcontroller/install/xcontroller/bin'
[1.347s] Level 1:colcon.colcon_core.environment:checking '/home/cl4y3r/xcontroller/install/xcontroller/lib/pkgconfig/xcontroller.pc'
[1.348s] Level 1:colcon.colcon_core.environment:checking '/home/cl4y3r/xcontroller/install/xcontroller/lib/python3.8/site-packages'
[1.348s] Level 1:colcon.colcon_core.environment:checking '/home/cl4y3r/xcontroller/install/xcontroller/bin'
[1.350s] INFO:colcon.colcon_core.shell:Creating package script '/home/cl4y3r/xcontroller/install/xcontroller/share/xcontroller/package.ps1'
[1.350s] INFO:colcon.colcon_core.shell:Creating package descriptor '/home/cl4y3r/xcontroller/install/xcontroller/share/xcontroller/package.dsv'
[1.350s] INFO:colcon.colcon_core.shell:Creating package script '/home/cl4y3r/xcontroller/install/xcontroller/share/xcontroller/package.sh'
[1.351s] INFO:colcon.colcon_core.shell:Creating package script '/home/cl4y3r/xcontroller/install/xcontroller/share/xcontroller/package.bash'
[1.351s] INFO:colcon.colcon_core.shell:Creating package script '/home/cl4y3r/xcontroller/install/xcontroller/share/xcontroller/package.zsh'
[1.352s] Level 1:colcon.colcon_core.environment:create_file_with_runtime_dependencies(/home/cl4y3r/xcontroller/install/xcontroller/share/colcon-core/packages/xcontroller)
[1.362s] DEBUG:colcon.colcon_parallel_executor.executor.parallel:closing loop
[1.362s] DEBUG:colcon.colcon_parallel_executor.executor.parallel:loop closed
[1.363s] DEBUG:colcon.colcon_parallel_executor.executor.parallel:run_until_complete finished with '1'
[1.363s] DEBUG:colcon.colcon_core.event_reactor:joining thread
[1.372s] INFO:colcon.colcon_core.plugin_system:Skipping extension 'colcon_notification.desktop_notification.notify_send': Could not find 'notify-send'
[1.372s] INFO:colcon.colcon_core.plugin_system:Skipping extension 'colcon_notification.desktop_notification.terminal_notifier': Not used on non-Darwin systems
[1.372s] INFO:colcon.colcon_core.plugin_system:Skipping extension 'colcon_notification.desktop_notification.win32': Not used on non-Windows systems
[1.372s] INFO:colcon.colcon_notification.desktop_notification:Sending desktop notification using 'notify2'
[1.376s] DEBUG:colcon.colcon_notification.desktop_notification.notify2:Failed to initialize notify2: org.freedesktop.DBus.Error.ServiceUnknown: The name org.freedesktop.Notifications was not provided by any .service files
[1.376s] DEBUG:colcon.colcon_core.event_reactor:joined thread
[1.378s] INFO:colcon.colcon_core.shell:Creating prefix script '/home/cl4y3r/xcontroller/install/local_setup.ps1'
[1.379s] INFO:colcon.colcon_core.shell:Creating prefix util module '/home/cl4y3r/xcontroller/install/_local_setup_util_ps1.py'
[1.380s] INFO:colcon.colcon_core.shell:Creating prefix chain script '/home/cl4y3r/xcontroller/install/setup.ps1'
[1.381s] INFO:colcon.colcon_core.shell:Creating prefix script '/home/cl4y3r/xcontroller/install/local_setup.sh'
[1.382s] INFO:colcon.colcon_core.shell:Creating prefix util module '/home/cl4y3r/xcontroller/install/_local_setup_util_sh.py'
[1.382s] INFO:colcon.colcon_core.shell:Creating prefix chain script '/home/cl4y3r/xcontroller/install/setup.sh'
[1.383s] INFO:colcon.colcon_core.shell:Creating prefix script '/home/cl4y3r/xcontroller/install/local_setup.bash'
[1.383s] INFO:colcon.colcon_core.shell:Creating prefix chain script '/home/cl4y3r/xcontroller/install/setup.bash'
[1.384s] INFO:colcon.colcon_core.shell:Creating prefix script '/home/cl4y3r/xcontroller/install/local_setup.zsh'
[1.384s] INFO:colcon.colcon_core.shell:Creating prefix chain script '/home/cl4y3r/xcontroller/install/setup.zsh'
