[0.013s] Invoking command in '/home/cl4y3r/xcontroller/build/xcontroller': CMAKE_PREFIX_PATH=/opt/ros/foxy /usr/bin/cmake /home/cl4y3r/xcontroller -DCMAKE_INSTALL_PREFIX=/home/cl4y3r/xcontroller/install/xcontroller
[0.080s] -- Found ament_cmake: 0.9.9 (/opt/ros/foxy/share/ament_cmake/cmake)
[0.179s] -- Found PythonInterp: /usr/bin/python3 (found suitable version "3.8.10", minimum required is "3") 
[0.179s] -- Using PYTHON_EXECUTABLE: /usr/bin/python3
[0.518s] -- Found message_filters: 3.2.5 (/opt/ros/foxy/share/message_filters/cmake)
[0.529s] -- Found rclcpp: 2.4.1 (/opt/ros/foxy/share/rclcpp/cmake)
[0.691s] -- Using all available rosidl_typesupport_c: rosidl_typesupport_fastrtps_c;rosidl_typesupport_introspection_c
[0.779s] -- Found rosidl_adapter: 1.2.1 (/opt/ros/foxy/share/rosidl_adapter/cmake)
[1.034s] -- Found OpenSSL: /usr/lib/x86_64-linux-gnu/libcrypto.so (found version "1.1.1f")  
[1.069s] -- Found FastRTPS: /opt/ros/foxy/include  
[1.361s] -- Using all available rosidl_typesupport_cpp: rosidl_typesupport_fastrtps_cpp;rosidl_typesupport_introspection_cpp
[1.462s] -- Found rmw_implementation_cmake: 1.0.3 (/opt/ros/foxy/share/rmw_implementation_cmake/cmake)
[1.464s] -- Using RMW implementation 'rmw_fastrtps_cpp' as default
[1.484s] -- Looking for pthread.h
[1.686s] -- Looking for pthread.h - found
[1.686s] -- Performing Test CMAKE_HAVE_LIBC_PTHREAD
[1.754s] -- Performing Test CMAKE_HAVE_LIBC_PTHREAD - Failed
[1.754s] -- Looking for pthread_create in pthreads
[1.820s] -- Looking for pthread_create in pthreads - not found
[1.820s] -- Looking for pthread_create in pthread
[1.863s] -- Looking for pthread_create in pthread - found
[1.864s] -- Found Threads: TRUE  
[2.070s] -- Found sensor_msgs: 2.0.5 (/opt/ros/foxy/share/sensor_msgs/cmake)
[2.186s] CMake Error at CMakeLists.txt:21 (find_package):
[2.186s]   By not providing "Findlgsvl_msgs.cmake" in CMAKE_MODULE_PATH this project
[2.186s]   has asked CMake to find a package configuration file provided by
[2.186s]   "lgsvl_msgs", but CMake did not find one.
[2.186s] 
[2.186s]   Could not find a package configuration file provided by "lgsvl_msgs" with
[2.186s]   any of the following names:
[2.186s] 
[2.186s]     lgsvl_msgsConfig.cmake
[2.186s]     lgsvl_msgs-config.cmake
[2.187s] 
[2.187s]   Add the installation prefix of "lgsvl_msgs" to CMAKE_PREFIX_PATH or set
[2.187s]   "lgsvl_msgs_DIR" to a directory containing one of the above files.  If
[2.187s]   "lgsvl_msgs" provides a separate development package or SDK, be sure it has
[2.187s]   been installed.
[2.187s] 
[2.187s] 
[2.187s] -- Configuring incomplete, errors occurred!
[2.187s] See also "/home/cl4y3r/xcontroller/build/xcontroller/CMakeFiles/CMakeOutput.log".
[2.187s] See also "/home/cl4y3r/xcontroller/build/xcontroller/CMakeFiles/CMakeError.log".
[2.191s] Invoked command in '/home/cl4y3r/xcontroller/build/xcontroller' returned '1': CMAKE_PREFIX_PATH=/opt/ros/foxy /usr/bin/cmake /home/cl4y3r/xcontroller -DCMAKE_INSTALL_PREFIX=/home/cl4y3r/xcontroller/install/xcontroller
