[0.038s] Invoking command in '/home/cl4y3r/xcontroller/build/xcontroller': /usr/bin/cmake /home/cl4y3r/xcontroller -DCMAKE_INSTALL_PREFIX=/home/cl4y3r/xcontroller/install/xcontroller
[1.223s] -- The C compiler identification is GNU 9.4.0
[1.889s] -- The CXX compiler identification is GNU 9.4.0
[1.906s] -- Check for working C compiler: /usr/bin/cc
[1.971s] -- Check for working C compiler: /usr/bin/cc -- works
[1.972s] -- Detecting C compiler ABI info
[2.013s] -- Detecting C compiler ABI info - done
[2.021s] -- Detecting C compile features
[2.022s] -- Detecting C compile features - done
[2.024s] -- Check for working CXX compiler: /usr/bin/c++
[2.073s] -- Check for working CXX compiler: /usr/bin/c++ -- works
[2.074s] -- Detecting CXX compiler ABI info
[2.121s] -- Detecting CXX compiler ABI info - done
[2.129s] -- Detecting CXX compile features
[2.130s] -- Detecting CXX compile features - done
[2.156s] CMake Error at CMakeLists.txt:16 (find_package):
[2.156s]   By not providing "Findament_cmake.cmake" in CMAKE_MODULE_PATH this project
[2.156s]   has asked CMake to find a package configuration file provided by
[2.156s]   "ament_cmake", but CMake did not find one.
[2.156s] 
[2.156s]   Could not find a package configuration file provided by "ament_cmake" with
[2.157s]   any of the following names:
[2.157s] 
[2.157s]     ament_cmakeConfig.cmake
[2.157s]     ament_cmake-config.cmake
[2.157s] 
[2.157s]   Add the installation prefix of "ament_cmake" to CMAKE_PREFIX_PATH or set
[2.157s]   "ament_cmake_DIR" to a directory containing one of the above files.  If
[2.157s]   "ament_cmake" provides a separate development package or SDK, be sure it
[2.157s]   has been installed.
[2.157s] 
[2.157s] 
[2.157s] -- Configuring incomplete, errors occurred!
[2.157s] See also "/home/cl4y3r/xcontroller/build/xcontroller/CMakeFiles/CMakeOutput.log".
[2.159s] Invoked command in '/home/cl4y3r/xcontroller/build/xcontroller' returned '1': /usr/bin/cmake /home/cl4y3r/xcontroller -DCMAKE_INSTALL_PREFIX=/home/cl4y3r/xcontroller/install/xcontroller
