-- Found ament_cmake: 0.9.9 (/opt/ros/foxy/share/ament_cmake/cmake)
-- Using PYTHON_EXECUTABLE: /usr/bin/python3
-- Found message_filters: 3.2.5 (/opt/ros/foxy/share/message_filters/cmake)
-- Found rclcpp: 2.4.1 (/opt/ros/foxy/share/rclcpp/cmake)
-- Using all available rosidl_typesupport_c: rosidl_typesupport_fastrtps_c;rosidl_typesupport_introspection_c
-- Found rosidl_adapter: 1.2.1 (/opt/ros/foxy/share/rosidl_adapter/cmake)
-- Using all available rosidl_typesupport_cpp: rosidl_typesupport_fastrtps_cpp;rosidl_typesupport_introspection_cpp
-- Found rmw_implementation_cmake: 1.0.3 (/opt/ros/foxy/share/rmw_implementation_cmake/cmake)
-- Using RMW implementation 'rmw_fastrtps_cpp' as default
-- Found sensor_msgs: 2.0.5 (/opt/ros/foxy/share/sensor_msgs/cmake)
-- Found lgsvl_msgs: 0.0.4 (/home/cl4y3r/xcontroller/lgsvl_msgs/install/lgsvl_msgs/share/lgsvl_msgs/cmake)
-- Found nav_msgs: 2.0.5 (/opt/ros/foxy/share/nav_msgs/cmake)
-- Configuring done
-- Generating done
-- Build files have been written to: /home/cl4y3r/xcontroller/build/xcontroller
[35m[1mScanning dependencies of target xcontroller[0m
[ 50%] [32mBuilding CXX object CMakeFiles/xcontroller.dir/src/xcontroller.cpp.o[0m
[100%] [32m[1mLinking CXX executable xcontroller[0m
[100%] Built target xcontroller
-- Install configuration: ""
-- Installing: /home/cl4y3r/xcontroller/install/xcontroller/lib/xcontroller/xcontroller
-- Set runtime path of "/home/cl4y3r/xcontroller/install/xcontroller/lib/xcontroller/xcontroller" to ""
-- Installing: /home/cl4y3r/xcontroller/install/xcontroller/share/ament_index/resource_index/package_run_dependencies/xcontroller
-- Installing: /home/cl4y3r/xcontroller/install/xcontroller/share/ament_index/resource_index/parent_prefix_path/xcontroller
-- Installing: /home/cl4y3r/xcontroller/install/xcontroller/share/xcontroller/environment/ament_prefix_path.sh
-- Installing: /home/cl4y3r/xcontroller/install/xcontroller/share/xcontroller/environment/ament_prefix_path.dsv
-- Installing: /home/cl4y3r/xcontroller/install/xcontroller/share/xcontroller/environment/path.sh
-- Installing: /home/cl4y3r/xcontroller/install/xcontroller/share/xcontroller/environment/path.dsv
-- Installing: /home/cl4y3r/xcontroller/install/xcontroller/share/xcontroller/local_setup.bash
-- Installing: /home/cl4y3r/xcontroller/install/xcontroller/share/xcontroller/local_setup.sh
-- Installing: /home/cl4y3r/xcontroller/install/xcontroller/share/xcontroller/local_setup.zsh
-- Installing: /home/cl4y3r/xcontroller/install/xcontroller/share/xcontroller/local_setup.dsv
-- Installing: /home/cl4y3r/xcontroller/install/xcontroller/share/xcontroller/package.dsv
-- Installing: /home/cl4y3r/xcontroller/install/xcontroller/share/ament_index/resource_index/packages/xcontroller
-- Installing: /home/cl4y3r/xcontroller/install/xcontroller/share/xcontroller/cmake/xcontrollerConfig.cmake
-- Installing: /home/cl4y3r/xcontroller/install/xcontroller/share/xcontroller/cmake/xcontrollerConfig-version.cmake
-- Installing: /home/cl4y3r/xcontroller/install/xcontroller/share/xcontroller/package.xml
