[0.013s] Invoking command in '/home/cl4y3r/xcontroller/build/xcontroller': CMAKE_PREFIX_PATH=${CMAKE_PREFIX_PATH}:/opt/ros/foxy /usr/bin/cmake /home/cl4y3r/xcontroller -DCMAKE_INSTALL_PREFIX=/home/cl4y3r/xcontroller/install/xcontroller
[0.027s] -- Found ament_cmake: 0.9.9 (/opt/ros/foxy/share/ament_cmake/cmake)
[0.075s] -- Using PYTHON_EXECUTABLE: /usr/bin/python3
[0.308s] -- Found message_filters: 3.2.5 (/opt/ros/foxy/share/message_filters/cmake)
[0.309s] -- Found rclcpp: 2.4.1 (/opt/ros/foxy/share/rclcpp/cmake)
[0.330s] -- Using all available rosidl_typesupport_c: rosidl_typesupport_fastrtps_c;rosidl_typesupport_introspection_c
[0.332s] -- Found rosidl_adapter: 1.2.1 (/opt/ros/foxy/share/rosidl_adapter/cmake)
[0.406s] -- Using all available rosidl_typesupport_cpp: rosidl_typesupport_fastrtps_cpp;rosidl_typesupport_introspection_cpp
[0.441s] -- Found rmw_implementation_cmake: 1.0.3 (/opt/ros/foxy/share/rmw_implementation_cmake/cmake)
[0.442s] -- Using RMW implementation 'rmw_fastrtps_cpp' as default
[0.543s] -- Found sensor_msgs: 2.0.5 (/opt/ros/foxy/share/sensor_msgs/cmake)
[0.624s] -- Found lgsvl_msgs: 0.0.4 (/home/cl4y3r/xcontroller/lgsvl_msgs/install/lgsvl_msgs/share/lgsvl_msgs/cmake)
[0.715s] -- Found nav_msgs: 2.0.5 (/opt/ros/foxy/share/nav_msgs/cmake)
[0.858s] -- Configuring done
[0.865s] -- Generating done
[0.866s] -- Build files have been written to: /home/cl4y3r/xcontroller/build/xcontroller
[0.871s] Invoked command in '/home/cl4y3r/xcontroller/build/xcontroller' returned '0': CMAKE_PREFIX_PATH=${CMAKE_PREFIX_PATH}:/opt/ros/foxy /usr/bin/cmake /home/cl4y3r/xcontroller -DCMAKE_INSTALL_PREFIX=/home/cl4y3r/xcontroller/install/xcontroller
[0.874s] Invoking command in '/home/cl4y3r/xcontroller/build/xcontroller': CMAKE_PREFIX_PATH=${CMAKE_PREFIX_PATH}:/opt/ros/foxy /usr/bin/cmake --build /home/cl4y3r/xcontroller/build/xcontroller -- -j16 -l16
[0.898s] [35m[1mScanning dependencies of target xcontroller[0m
[1.537s] [ 50%] [32mBuilding CXX object CMakeFiles/xcontroller.dir/src/xcontroller.cpp.o[0m
[4.610s] [01m[K/home/cl4y3r/xcontroller/src/xcontroller.cpp:[m[K In member function ‘[01m[Kdouble ChassisController::longitudinal_controller(double, double)[m[K’:
[4.610s] [01m[K/home/cl4y3r/xcontroller/src/xcontroller.cpp:163:58:[m[K [01;35m[Kwarning: [m[Kunused parameter ‘[01m[Kvelocity_x[m[K’ [[01;35m[K-Wunused-parameter[m[K]
[4.610s]   163 | double ChassisController::longitudinal_controller([01;35m[Kdouble velocity_x[m[K, double acc_x)
[4.610s]       |                                                   [01;35m[K~~~~~~~^~~~~~~~~~[m[K
[4.610s] [01m[K/home/cl4y3r/xcontroller/src/xcontroller.cpp:163:77:[m[K [01;35m[Kwarning: [m[Kunused parameter ‘[01m[Kacc_x[m[K’ [[01;35m[K-Wunused-parameter[m[K]
[4.610s]   163 | double ChassisController::longitudinal_controller(double velocity_x, [01;35m[Kdouble acc_x[m[K)
[4.610s]       |                                                                      [01;35m[K~~~~~~~^~~~~[m[K
[4.698s] [01m[K/home/cl4y3r/xcontroller/src/xcontroller.cpp:[m[K In member function ‘[01m[Kdouble ChassisController::lateral_controller(double, double, double, double, double, double)[m[K’:
[4.698s] [01m[K/home/cl4y3r/xcontroller/src/xcontroller.cpp:190:12:[m[K [01;35m[Kwarning: [m[Kunused variable ‘[01m[Kerr_s[m[K’ [[01;35m[K-Wunused-variable[m[K]
[4.699s]   190 |     double [01;35m[Kerr_s[m[K = (tor * distance)(0,0);
[4.699s]       |            [01;35m[K^~~~~[m[K
[17.036s] [100%] [32m[1mLinking CXX executable xcontroller[0m
[18.098s] [100%] Built target xcontroller
[18.105s] Invoked command in '/home/cl4y3r/xcontroller/build/xcontroller' returned '0': CMAKE_PREFIX_PATH=${CMAKE_PREFIX_PATH}:/opt/ros/foxy /usr/bin/cmake --build /home/cl4y3r/xcontroller/build/xcontroller -- -j16 -l16
[18.130s] Invoking command in '/home/cl4y3r/xcontroller/build/xcontroller': CMAKE_PREFIX_PATH=${CMAKE_PREFIX_PATH}:/opt/ros/foxy /usr/bin/cmake --install /home/cl4y3r/xcontroller/build/xcontroller
[18.135s] -- Install configuration: ""
[18.135s] -- Installing: /home/cl4y3r/xcontroller/install/xcontroller/lib/xcontroller/xcontroller
[18.139s] -- Set runtime path of "/home/cl4y3r/xcontroller/install/xcontroller/lib/xcontroller/xcontroller" to ""
[18.139s] -- Installing: /home/cl4y3r/xcontroller/install/xcontroller/share/ament_index/resource_index/package_run_dependencies/xcontroller
[18.139s] -- Installing: /home/cl4y3r/xcontroller/install/xcontroller/share/ament_index/resource_index/parent_prefix_path/xcontroller
[18.140s] -- Installing: /home/cl4y3r/xcontroller/install/xcontroller/share/xcontroller/environment/ament_prefix_path.sh
[18.140s] -- Installing: /home/cl4y3r/xcontroller/install/xcontroller/share/xcontroller/environment/ament_prefix_path.dsv
[18.140s] -- Installing: /home/cl4y3r/xcontroller/install/xcontroller/share/xcontroller/environment/path.sh
[18.140s] -- Installing: /home/cl4y3r/xcontroller/install/xcontroller/share/xcontroller/environment/path.dsv
[18.140s] -- Installing: /home/cl4y3r/xcontroller/install/xcontroller/share/xcontroller/local_setup.bash
[18.141s] -- Installing: /home/cl4y3r/xcontroller/install/xcontroller/share/xcontroller/local_setup.sh
[18.141s] -- Installing: /home/cl4y3r/xcontroller/install/xcontroller/share/xcontroller/local_setup.zsh
[18.141s] -- Installing: /home/cl4y3r/xcontroller/install/xcontroller/share/xcontroller/local_setup.dsv
[18.141s] -- Installing: /home/cl4y3r/xcontroller/install/xcontroller/share/xcontroller/package.dsv
[18.141s] -- Installing: /home/cl4y3r/xcontroller/install/xcontroller/share/ament_index/resource_index/packages/xcontroller
[18.141s] -- Installing: /home/cl4y3r/xcontroller/install/xcontroller/share/xcontroller/cmake/xcontrollerConfig.cmake
[18.141s] -- Installing: /home/cl4y3r/xcontroller/install/xcontroller/share/xcontroller/cmake/xcontrollerConfig-version.cmake
[18.141s] -- Installing: /home/cl4y3r/xcontroller/install/xcontroller/share/xcontroller/package.xml
[18.143s] Invoked command in '/home/cl4y3r/xcontroller/build/xcontroller' returned '0': CMAKE_PREFIX_PATH=${CMAKE_PREFIX_PATH}:/opt/ros/foxy /usr/bin/cmake --install /home/cl4y3r/xcontroller/build/xcontroller
