[0.014s] Invoking command in '/home/cl4y3r/xcontroller/build/xcontroller': CMAKE_PREFIX_PATH=${CMAKE_PREFIX_PATH}:/opt/ros/foxy /usr/bin/cmake /home/cl4y3r/xcontroller -DCMAKE_INSTALL_PREFIX=/home/cl4y3r/xcontroller/install/xcontroller
[0.028s] -- Found ament_cmake: 0.9.9 (/opt/ros/foxy/share/ament_cmake/cmake)
[0.072s] -- Using PYTHON_EXECUTABLE: /usr/bin/python3
[0.294s] -- Found message_filters: 3.2.5 (/opt/ros/foxy/share/message_filters/cmake)
[0.296s] -- Found rclcpp: 2.4.1 (/opt/ros/foxy/share/rclcpp/cmake)
[0.317s] -- Using all available rosidl_typesupport_c: rosidl_typesupport_fastrtps_c;rosidl_typesupport_introspection_c
[0.320s] -- Found rosidl_adapter: 1.2.1 (/opt/ros/foxy/share/rosidl_adapter/cmake)
[0.397s] -- Using all available rosidl_typesupport_cpp: rosidl_typesupport_fastrtps_cpp;rosidl_typesupport_introspection_cpp
[0.431s] -- Found rmw_implementation_cmake: 1.0.3 (/opt/ros/foxy/share/rmw_implementation_cmake/cmake)
[0.432s] -- Using RMW implementation 'rmw_fastrtps_cpp' as default
[0.532s] -- Found sensor_msgs: 2.0.5 (/opt/ros/foxy/share/sensor_msgs/cmake)
[0.611s] -- Found lgsvl_msgs: 0.0.4 (/home/cl4y3r/xcontroller/lgsvl_msgs/install/lgsvl_msgs/share/lgsvl_msgs/cmake)
[0.829s] -- Found nav_msgs: 2.0.5 (/opt/ros/foxy/share/nav_msgs/cmake)
[0.925s] CMake Error at CMakeLists.txt:31 (install):
[0.925s]   install TARGETS given target "chassis_controller" which does not exist.
[0.925s] 
[0.925s] 
[1.017s] -- Configuring incomplete, errors occurred!
[1.017s] See also "/home/cl4y3r/xcontroller/build/xcontroller/CMakeFiles/CMakeOutput.log".
[1.017s] See also "/home/cl4y3r/xcontroller/build/xcontroller/CMakeFiles/CMakeError.log".
[1.022s] Invoked command in '/home/cl4y3r/xcontroller/build/xcontroller' returned '1': CMAKE_PREFIX_PATH=${CMAKE_PREFIX_PATH}:/opt/ros/foxy /usr/bin/cmake /home/cl4y3r/xcontroller -DCMAKE_INSTALL_PREFIX=/home/cl4y3r/xcontroller/install/xcontroller
