[35m[1mScanning dependencies of target xcontroller[0m
[ 50%] [32mBuilding CXX object CMakeFiles/xcontroller.dir/src/xcontroller.cpp.o[0m
[100%] [32m[1mLinking CXX executable xcontroller[0m
[100%] Built target xcontroller
-- Install configuration: ""
-- Installing: /home/cl4y3r/xcontroller/install/xcontroller/lib/xcontroller/xcontroller
-- Set runtime path of "/home/cl4y3r/xcontroller/install/xcontroller/lib/xcontroller/xcontroller" to ""
-- Up-to-date: /home/cl4y3r/xcontroller/install/xcontroller/share/ament_index/resource_index/package_run_dependencies/xcontroller
-- Up-to-date: /home/cl4y3r/xcontroller/install/xcontroller/share/ament_index/resource_index/parent_prefix_path/xcontroller
-- Up-to-date: /home/cl4y3r/xcontroller/install/xcontroller/share/xcontroller/environment/ament_prefix_path.sh
-- Up-to-date: /home/cl4y3r/xcontroller/install/xcontroller/share/xcontroller/environment/ament_prefix_path.dsv
-- Up-to-date: /home/cl4y3r/xcontroller/install/xcontroller/share/xcontroller/environment/path.sh
-- Up-to-date: /home/cl4y3r/xcontroller/install/xcontroller/share/xcontroller/environment/path.dsv
-- Up-to-date: /home/cl4y3r/xcontroller/install/xcontroller/share/xcontroller/local_setup.bash
-- Up-to-date: /home/cl4y3r/xcontroller/install/xcontroller/share/xcontroller/local_setup.sh
-- Up-to-date: /home/cl4y3r/xcontroller/install/xcontroller/share/xcontroller/local_setup.zsh
-- Up-to-date: /home/cl4y3r/xcontroller/install/xcontroller/share/xcontroller/local_setup.dsv
-- Installing: /home/cl4y3r/xcontroller/install/xcontroller/share/xcontroller/package.dsv
-- Up-to-date: /home/cl4y3r/xcontroller/install/xcontroller/share/ament_index/resource_index/packages/xcontroller
-- Up-to-date: /home/cl4y3r/xcontroller/install/xcontroller/share/xcontroller/cmake/xcontrollerConfig.cmake
-- Up-to-date: /home/cl4y3r/xcontroller/install/xcontroller/share/xcontroller/cmake/xcontrollerConfig-version.cmake
-- Up-to-date: /home/cl4y3r/xcontroller/install/xcontroller/share/xcontroller/package.xml
